[GIN-debug] [WARNING] Running in "debug" mode. Switch to "release" mode in production.
 - using env:	export GIN_MODE=release
 - using code:	gin.SetMode(gin.ReleaseMode)

[GIN-debug] GET    /swagger/*any             --> github.com/swaggo/gin-swagger.CustomWrapHandler.func1 (4 handlers)
[GIN-debug] POST   /api/v1/jobs              --> emas/internal/handler.(*JobHandler).Create-fm (5 handlers)
[GIN-debug] GET    /api/v1/jobs              --> emas/internal/handler.(*JobHandler).List-fm (5 handlers)
[GIN-debug] GET    /api/v1/jobs/:id          --> emas/internal/handler.(*JobHandler).GetByID-fm (5 handlers)
[GIN-debug] GET    /api/v1/jobs/:id/steps    --> emas/internal/handler.(*JobHandler).ListSteps-fm (5 handlers)
[GIN-debug] PUT    /api/v1/jobs/:id          --> emas/internal/handler.(*JobHandler).Update-fm (5 handlers)
[GIN-debug] DELETE /api/v1/jobs/:id          --> emas/internal/handler.(*JobHandler).Delete-fm (5 handlers)
[GIN-debug] POST   /api/v1/jobs/:id/duplicate --> emas/internal/handler.(*JobHandler).Duplicate-fm (5 handlers)
[GIN-debug] POST   /api/v1/job-steps         --> emas/internal/handler.(*JobSlotHandler).CreateJobSteps-fm (5 handlers)
[GIN-debug] POST   /api/v1/job-steps/split   --> emas/internal/handler.(*JobSlotHandler).SplitStep-fm (5 handlers)
[GIN-debug] GET    /api/v1/jobs/:id/slots    --> emas/internal/handler.(*JobSlotHandler).ListSlotsByJob-fm (5 handlers)
[GIN-debug] GET    /api/v1/job-steps/:id/slots --> emas/internal/handler.(*JobSlotHandler).ListSlotsByJobStep-fm (5 handlers)
[GIN-debug] GET    /api/v1/slots/:id         --> emas/internal/handler.(*JobSlotHandler).GetSlot-fm (5 handlers)
[GIN-debug] PUT    /api/v1/slots/:id         --> emas/internal/handler.(*JobSlotHandler).UpdateSlot-fm (5 handlers)
[GIN-debug] PATCH  /api/v1/slots/:id         --> emas/internal/handler.(*JobSlotHandler).UpdateSlot-fm (5 handlers)
[GIN-debug] DELETE /api/v1/slots/:id         --> emas/internal/handler.(*JobSlotHandler).CancelSlot-fm (5 handlers)
[GIN-debug] POST   /api/v1/machines          --> emas/internal/handler.(*MachineHandler).Create-fm (5 handlers)
[GIN-debug] GET    /api/v1/machines          --> emas/internal/handler.(*MachineHandler).List-fm (5 handlers)
[GIN-debug] GET    /api/v1/machines/utilization --> emas/internal/handler.(*MachineHandler).Utilization-fm (5 handlers)
[GIN-debug] GET    /api/v1/machines/:id      --> emas/internal/handler.(*MachineHandler).GetByID-fm (5 handlers)
[GIN-debug] PUT    /api/v1/machines/:id      --> emas/internal/handler.(*MachineHandler).Update-fm (5 handlers)
[GIN-debug] POST   /api/v1/machines/:id/capabilities --> emas/internal/handler.(*MachineHandler).AssignCapability-fm (5 handlers)
[GIN-debug] POST   /api/v1/machines/downtime --> emas/internal/handler.(*MachineHandler).RecordDowntime-fm (5 handlers)
[GIN-debug] GET    /api/v1/machines/maintenance-alerts --> emas/internal/handler.(*MachineHandler).MaintenanceAlerts-fm (5 handlers)
[GIN-debug] GET    /api/v1/machines/reroute-recommendations --> emas/internal/handler.(*MachineHandler).RerouteRecommendations-fm (5 handlers)
[GIN-debug] POST   /api/v1/processes         --> emas/internal/handler.(*ProcessHandler).Create-fm (5 handlers)
[GIN-debug] GET    /api/v1/processes         --> emas/internal/handler.(*ProcessHandler).List-fm (5 handlers)
[GIN-debug] GET    /api/v1/processes/:id     --> emas/internal/handler.(*ProcessHandler).GetByID-fm (5 handlers)
[GIN-debug] GET    /api/v1/products/:id/process --> emas/internal/handler.(*ProcessHandler).GetByProduct-fm (5 handlers)
[GIN-debug] GET    /api/v1/processes/:id/steps --> emas/internal/handler.(*ProcessHandler).ListSteps-fm (5 handlers)
[GIN-debug] POST   /api/v1/processes/:id/steps --> emas/internal/handler.(*ProcessHandler).AddStep-fm (5 handlers)
[GIN-debug] DELETE /api/v1/processes/:id     --> emas/internal/handler.(*ProcessHandler).Delete-fm (5 handlers)
[GIN-debug] GET    /api/v1/process-steps/:step_id/materials --> emas/internal/handler.(*ProcessStepHandler).ListMaterials-fm (5 handlers)
[GIN-debug] POST   /api/v1/process-steps/:step_id/materials --> emas/internal/handler.(*ProcessStepHandler).AddMaterial-fm (5 handlers)
[GIN-debug] DELETE /api/v1/process-steps/:step_id/materials/:id --> emas/internal/handler.(*ProcessStepHandler).DeleteMaterial-fm (5 handlers)
[GIN-debug] POST   /api/v1/formulas          --> emas/internal/handler.(*FormulaHandler).Create-fm (5 handlers)
[GIN-debug] GET    /api/v1/formulas          --> emas/internal/handler.(*FormulaHandler).List-fm (5 handlers)
[GIN-debug] GET    /api/v1/formulas/:id      --> emas/internal/handler.(*FormulaHandler).GetByID-fm (5 handlers)
[GIN-debug] GET    /api/v1/formulas/:id/ingredients --> emas/internal/handler.(*FormulaHandler).ListIngredients-fm (5 handlers)
[GIN-debug] POST   /api/v1/formulas/:id/ingredients --> emas/internal/handler.(*FormulaHandler).AddIngredient-fm (5 handlers)
[GIN-debug] DELETE /api/v1/formulas/:id      --> emas/internal/handler.(*FormulaHandler).Delete-fm (5 handlers)
[GIN-debug] POST   /api/v1/products          --> emas/internal/handler.(*ProductHandler).Create-fm (5 handlers)
[GIN-debug] GET    /api/v1/products          --> emas/internal/handler.(*ProductHandler).List-fm (5 handlers)
[GIN-debug] GET    /api/v1/products/:id      --> emas/internal/handler.(*ProductHandler).GetByID-fm (5 handlers)
[GIN-debug] GET    /api/v1/products/:id/scheduling-definition --> emas/internal/handler.(*ProductHandler).GetSchedulingDefinition-fm (5 handlers)
[GIN-debug] PUT    /api/v1/products/:id/bom  --> emas/internal/handler.(*ProductHandler).LinkBOM-fm (5 handlers)
[GIN-debug] POST   /api/v1/inventory/materials --> emas/internal/handler.(*InventoryHandler).CreateMaterial-fm (5 handlers)
[GIN-debug] GET    /api/v1/inventory/materials --> emas/internal/handler.(*InventoryHandler).ListMaterials-fm (5 handlers)
[GIN-debug] GET    /api/v1/inventory/materials/:id --> emas/internal/handler.(*InventoryHandler).GetMaterial-fm (5 handlers)
[GIN-debug] POST   /api/v1/inventory/consume --> emas/internal/handler.(*InventoryHandler).Consume-fm (5 handlers)
[GIN-debug] POST   /api/v1/inventory/receive --> emas/internal/handler.(*InventoryHandler).Receive-fm (5 handlers)
[GIN-debug] POST   /api/v1/inventory/expected-arrivals --> emas/internal/handler.(*InventoryHandler).ScheduleExpectedArrival-fm (5 handlers)
[GIN-debug] GET    /api/v1/inventory/expected-arrivals --> emas/internal/handler.(*InventoryHandler).ListExpectedArrivals-fm (5 handlers)
[GIN-debug] POST   /api/v1/inventory/product-stock --> emas/internal/handler.(*InventoryHandler).CreateProductInventory-fm (5 handlers)
[GIN-debug] GET    /api/v1/inventory/product-stock --> emas/internal/handler.(*InventoryHandler).ListProductInventory-fm (5 handlers)
[GIN-debug] POST   /api/v1/inventory/reservations --> emas/internal/handler.(*InventoryHandler).CreateReservation-fm (5 handlers)
[GIN-debug] GET    /api/v1/inventory/reservations --> emas/internal/handler.(*InventoryHandler).ListReservations-fm (5 handlers)
[GIN-debug] GET    /api/v1/scheduling/products/:id/explosion --> emas/internal/handler.(*SchedulingHandler).Explosion-fm (5 handlers)
[GIN-debug] GET    /api/v1/scheduling/products/:id/readiness --> emas/internal/handler.(*SchedulingHandler).Readiness-fm (5 handlers)
[GIN-debug] GET    /api/v1/scheduling/steps/:id/candidate-machines --> emas/internal/handler.(*SchedulingHandler).CandidateMachines-fm (5 handlers)
[GIN-debug] POST   /api/v1/scheduling/slots/validate --> emas/internal/handler.(*SchedulingHandler).ValidateSlot-fm (5 handlers)
[GIN-debug] GET    /api/v1/scheduling/jobs/:id/earliest-completion --> emas/internal/handler.(*SchedulingHandler).EstimateJobCompletion-fm (5 handlers)
[GIN-debug] GET    /api/v1/scheduling/jobs/:id/solver-preview --> emas/internal/handler.(*SchedulingHandler).SolverPreview-fm (5 handlers)
[GIN-debug] GET    /api/v1/scheduling/training-dataset --> emas/internal/handler.(*SchedulingHandler).TrainingDataset-fm (5 handlers)
[GIN-debug] GET    /api/v1/scheduling/training-dataset/stats --> emas/internal/handler.(*SchedulingHandler).TrainingDatasetStats-fm (5 handlers)
[GIN-debug] POST   /api/v1/scheduling/training-dataset/backfill --> emas/internal/handler.(*SchedulingHandler).BackfillTrainingDataset-fm (6 handlers)
[GIN-debug] POST   /api/v1/production-logs   --> emas/internal/handler.(*ProductionLogHandler).LogProduction-fm (5 handlers)
[GIN-debug] POST   /api/v1/quality/inspections --> emas/internal/handler.(*QualityHandler).RecordInspection-fm (5 handlers)
[GIN-debug] POST   /api/v1/maintenance       --> emas/internal/handler.(*MaintenanceHandler).RecordMaintenance-fm (5 handlers)
[GIN-debug] GET    /api/v1/reports/production-output --> emas/internal/handler.(*ReportsHandler).ProductionOutputPerSlot-fm (5 handlers)
[GIN-debug] GET    /api/v1/reports/machine-utilization --> emas/internal/handler.(*ReportsHandler).MachineUtilization-fm (5 handlers)
[GIN-debug] GET    /api/v1/reports/job-completion --> emas/internal/handler.(*ReportsHandler).JobCompletion-fm (5 handlers)
[GIN-debug] GET    /api/v1/reports/inventory-trends --> emas/internal/handler.(*ReportsHandler).InventoryTrends-fm (5 handlers)
[GIN-debug] GET    /api/v1/reports/quality-trends --> emas/internal/handler.(*ReportsHandler).QualityTrends-fm (5 handlers)
[GIN-debug] GET    /api/v1/reports/oee       --> emas/internal/handler.(*ReportsHandler).OEETrends-fm (5 handlers)
[GIN-debug] GET    /api/v1/reports/bottlenecks --> emas/internal/handler.(*ReportsHandler).BottleneckForecast-fm (5 handlers)
[GIN-debug] GET    /api/v1/reports/downtime  --> emas/internal/handler.(*ReportsHandler).Downtime-fm (5 handlers)
[GIN-debug] GET    /api/v1/reports/maintenance-efficiency --> emas/internal/handler.(*ReportsHandler).MaintenanceEfficiency-fm (5 handlers)
[GIN-debug] GET    /api/v1/production-analytics/summary --> emas/internal/handler.(*ReportsHandler).AnalyticsSummary-fm (5 handlers)
[GIN-debug] GET    /api/v1/production-analytics/output --> emas/internal/handler.(*ReportsHandler).AnalyticsProductionOutput-fm (5 handlers)
[GIN-debug] GET    /api/v1/production-analytics/machine-utilization --> emas/internal/handler.(*ReportsHandler).AnalyticsMachineUtilization-fm (5 handlers)
[GIN-debug] GET    /api/v1/production-analytics/job-completion --> emas/internal/handler.(*ReportsHandler).AnalyticsJobCompletion-fm (5 handlers)
[GIN-debug] GET    /api/v1/production-analytics/downtime --> emas/internal/handler.(*ReportsHandler).AnalyticsDowntime-fm (5 handlers)
[GIN-debug] GET    /api/v1/dashboard/kpis    --> emas/internal/handler.(*DashboardHandler).GetKPIs-fm (5 handlers)
[GIN-debug] GET    /api/v1/alerts            --> emas/internal/handler.(*DashboardHandler).GetAlerts-fm (5 handlers)
[GIN-debug] GET    /api/v1/predictive/high-risk-jobs --> emas/internal/handler.(*PredictiveHandler).HighRiskJobs-fm (5 handlers)
[GIN-debug] GET    /api/v1/predictive/recommendations --> emas/internal/handler.(*PredictiveHandler).Recommendations-fm (5 handlers)
[GIN-debug] GET    /api/v1/predictive/forecast --> emas/internal/handler.(*PredictiveHandler).Forecast-fm (5 handlers)
[GIN-debug] GET    /api/v1/predictive/confidence --> emas/internal/handler.(*PredictiveHandler).Confidence-fm (5 handlers)
[GIN-debug] POST   /api/v1/ai/command        --> emas/internal/handler.(*AIHandler).ParseCommand-fm (5 handlers)
[GIN-debug] POST   /api/v1/agent/transaction/bundle-dry-run --> emas/internal/handler.(*AgentTransactionHandler).BundleDryRun-fm (5 handlers)
[GIN-debug] POST   /api/v1/agent/transaction/commit --> emas/internal/handler.(*AgentTransactionHandler).Commit-fm (5 handlers)
[GIN-debug] GET    /api/v1/ai/chats          --> emas/internal/handler.(*AIChatHandler).List-fm (5 handlers)
[GIN-debug] POST   /api/v1/ai/chats          --> emas/internal/handler.(*AIChatHandler).Create-fm (5 handlers)
[GIN-debug] GET    /api/v1/ai/chats/:id      --> emas/internal/handler.(*AIChatHandler).Get-fm (5 handlers)
[GIN-debug] POST   /api/v1/ai/chats/:id/messages --> emas/internal/handler.(*AIChatHandler).SendMessage-fm (5 handlers)
[GIN-debug] GET    /api/v1/ai/chats/:id/approvals --> emas/internal/handler.(*ChatbotApprovalHandler).ListPending-fm (5 handlers)
[GIN-debug] POST   /api/v1/ai/chatbot/approvals --> emas/internal/handler.(*ChatbotApprovalHandler).Approve-fm (5 handlers)
[GIN-debug] GET    /api/v1/ai/chatbot/approvals/:id --> emas/internal/handler.(*ChatbotApprovalHandler).Get-fm (5 handlers)
[GIN-debug] POST   /api/v1/ai/chatbot/approvals/:id/approve --> emas/internal/handler.(*ChatbotApprovalHandler).Approve-fm (5 handlers)
[GIN-debug] POST   /api/v1/ai/chatbot/approvals/:id/reject --> emas/internal/handler.(*ChatbotApprovalHandler).Reject-fm (5 handlers)
[GIN-debug] GET    /api/v1/ai/scheduling/jobs/:id/assist --> emas/internal/handler.(*AISchedulingHandler).Assist-fm (5 handlers)
[GIN-debug] GET    /api/v1/ai/scheduling/jobs/:id/delay-risk --> emas/internal/handler.(*AISchedulingHandler).DelayRisk-fm (5 handlers)
[GIN-debug] GET    /api/v1/ai/scheduling/jobs/:id/explanation --> emas/internal/handler.(*AISchedulingHandler).Explanation-fm (5 handlers)
[GIN-debug] GET    /api/v1/ai/scheduling/jobs/:id/proposal --> emas/internal/handler.(*AISchedulingHandler).Proposal-fm (5 handlers)
[GIN-debug] POST   /api/v1/ai/scheduling/jobs/:id/apply-proposal --> emas/internal/handler.(*AISchedulingHandler).ApplyProposal-fm (6 handlers)
[GIN-debug] POST   /api/v1/ai/scheduling/jobs/:id/proposals --> emas/internal/handler.(*AISchedulingHandler).GenerateProposal-fm (5 handlers)
[GIN-debug] POST   /api/v1/ai/scheduling/batch-proposals --> emas/internal/handler.(*AISchedulingHandler).GenerateBatchProposals-fm (6 handlers)
[GIN-debug] POST   /api/v1/ai/scheduling/reschedule-all --> emas/internal/handler.(*AISchedulingHandler).RescheduleAll-fm (6 handlers)
[GIN-debug] POST   /api/v1/ai/scheduling/verify-overlaps --> emas/internal/handler.(*AISchedulingHandler).VerifyOverlaps-fm (5 handlers)
[GIN-debug] POST   /api/v1/scheduling/events --> emas/internal/handler.(*AISchedulingHandler).EmitSchedulingEvent-fm (5 handlers)
[GIN-debug] GET    /api/v1/ai/scheduling/jobs/:id/proposals --> emas/internal/handler.(*AISchedulingHandler).ListProposals-fm (5 handlers)
[GIN-debug] GET    /api/v1/ai/scheduling/proposals/:id --> emas/internal/handler.(*AISchedulingHandler).GetProposal-fm (5 handlers)
[GIN-debug] POST   /api/v1/ai/scheduling/proposals/:id/approve --> emas/internal/handler.(*AISchedulingHandler).ApproveProposal-fm (6 handlers)
[GIN-debug] POST   /api/v1/ai/scheduling/proposals/:id/reject --> emas/internal/handler.(*AISchedulingHandler).RejectProposal-fm (6 handlers)
[GIN-debug] POST   /api/v1/ai/scheduling/proposals/:id/apply --> emas/internal/handler.(*AISchedulingHandler).ApplyProposalByID-fm (6 handlers)
[GIN-debug] GET    /api/v1/ai/scheduling/jobs/:id/shortage-analysis --> emas/internal/handler.(*AISchedulingHandler).ShortageAnalysis-fm (5 handlers)
[GIN-debug] POST   /api/v1/ai/scheduling/proposals/:id/apply-replenishment --> emas/internal/handler.(*AISchedulingHandler).ApplyReplenishment-fm (6 handlers)
[GIN-debug] POST   /api/v1/ai/scheduling/apply-replenishment-batch --> emas/internal/handler.(*AISchedulingHandler).ApplyReplenishmentBatch-fm (6 handlers)
[GIN-debug] POST   /api/v1/ai/scheduling/jobs/:id/replenish-and-replan --> emas/internal/handler.(*AISchedulingHandler).ReplenishAndReplan-fm (6 handlers)
[GIN-debug] GET    /api/v1/ai/scheduling/job-steps/:id/split-suggestion --> emas/internal/handler.(*AISchedulingHandler).SplitSuggestion-fm (5 handlers)
[GIN-debug] GET    /api/v1/ai/scheduling/job-steps/:id/machine-ranking --> emas/internal/handler.(*AISchedulingHandler).MachineRanking-fm (5 handlers)
[GIN-debug] GET    /api/v1/ai/scheduling/bottleneck-forecast --> emas/internal/handler.(*AISchedulingHandler).BottleneckForecast-fm (5 handlers)
[GIN-debug] GET    /api/v1/ai/metrics        --> emas/internal/handler.(*AISchedulingHandler).Metrics-fm (5 handlers)
[GIN-debug] GET    /api/v1/settings          --> emas/internal/handler.(*SettingsHandler).Get-fm (5 handlers)
[GIN-debug] PUT    /api/v1/settings          --> emas/internal/handler.(*SettingsHandler).Update-fm (5 handlers)
[GIN-debug] GET    /api/v1/scheduling/settings --> emas/internal/handler.(*SchedulingSettingsHandler).Get-fm (5 handlers)
[GIN-debug] PUT    /api/v1/scheduling/settings --> emas/internal/handler.(*SchedulingSettingsHandler).Update-fm (6 handlers)
[GIN-debug] POST   /api/v1/scheduling/refresh-work-calendars --> emas/internal/handler.(*SchedulingHandler).RefreshWorkCalendars-fm (6 handlers)
[GIN-debug] GET    /api/v1/reference/machine-types --> emas/internal/handler.(*ReferenceHandler).ListMachineTypes-fm (5 handlers)
[GIN-debug] POST   /api/v1/reference/machine-types --> emas/internal/handler.(*ReferenceHandler).CreateMachineType-fm (5 handlers)
[GIN-debug] PUT    /api/v1/reference/machine-types/:id --> emas/internal/handler.(*ReferenceHandler).UpdateMachineType-fm (5 handlers)
[GIN-debug] DELETE /api/v1/reference/machine-types/:id --> emas/internal/handler.(*ReferenceHandler).DeleteMachineType-fm (5 handlers)
[GIN-debug] GET    /api/v1/reference/product-types --> emas/internal/handler.(*ReferenceHandler).ListProductTypes-fm (5 handlers)
[GIN-debug] POST   /api/v1/reference/product-types --> emas/internal/handler.(*ReferenceHandler).CreateProductType-fm (5 handlers)
[GIN-debug] DELETE /api/v1/reference/product-types/:id --> emas/internal/handler.(*ReferenceHandler).DeleteProductType-fm (5 handlers)
[GIN-debug] GET    /api/v1/reference/locations --> emas/internal/handler.(*ReferenceHandler).ListLocations-fm (5 handlers)
[GIN-debug] POST   /api/v1/reference/locations --> emas/internal/handler.(*ReferenceHandler).CreateLocation-fm (5 handlers)
[GIN-debug] DELETE /api/v1/reference/locations/:id --> emas/internal/handler.(*ReferenceHandler).DeleteLocation-fm (5 handlers)
[GIN-debug] GET    /api/v1/reference/storage-locations --> emas/internal/handler.(*ReferenceHandler).ListStorageLocations-fm (5 handlers)
[GIN-debug] POST   /api/v1/reference/storage-locations --> emas/internal/handler.(*ReferenceHandler).CreateStorageLocation-fm (5 handlers)
[GIN-debug] DELETE /api/v1/reference/storage-locations/:id --> emas/internal/handler.(*ReferenceHandler).DeleteStorageLocation-fm (5 handlers)
[GIN-debug] GET    /api/v1/reference/step-types --> emas/internal/handler.(*ReferenceHandler).ListStepTypes-fm (5 handlers)
[GIN-debug] POST   /api/v1/reference/step-types --> emas/internal/handler.(*ReferenceHandler).CreateStepType-fm (5 handlers)
[GIN-debug] DELETE /api/v1/reference/step-types/:id --> emas/internal/handler.(*ReferenceHandler).DeleteStepType-fm (5 handlers)
[GIN-debug] GET    /health                   --> main.main.func1 (4 handlers)
[GIN-debug] [WARNING] You trusted all proxies, this is NOT safe. We recommend you to set a value.
Please check https://github.com/gin-gonic/gin/blob/master/docs/doc.md#dont-trust-all-proxies for details.
[GIN-debug] Listening and serving HTTP on :8080
